[    0.000000] Linux version 4.15.0-194-generic (buildd@lcy02-amd64-052) (gcc version 7.5.0 (Ubuntu 7.5.0-3ubuntu1~18.04)) #205-Ubuntu SMP Fri Sep 16 19:49:27 UTC 2022 (Ubuntu 4.15.0-194.205-generic 4.15.18)
[    0.000000] Command line: BOOT_IMAGE=/boot/vmlinuz-4.15.0-194-generic root=LABEL=cloudimg-rootfs ro console=tty1 console=ttyS0
[    0.000000] KERNEL supported cpus:
[    0.000000]   Intel GenuineIntel
[    0.000000]   AMD AuthenticAMD
[    0.000000]   Centaur CentaurHauls
[    0.000000] x86/fpu: Supporting XSAVE feature 0x001: 'x87 floating point registers'
[    0.000000] x86/fpu: Supporting XSAVE feature 0x002: 'SSE registers'
[    0.000000] x86/fpu: Supporting XSAVE feature 0x004: 'AVX registers'
[    0.000000] x86/fpu: xstate_offset[2]:  576, xstate_sizes[2]:  256
[    0.000000] x86/fpu: Enabled xstate features 0x7, context size is 832 bytes, using 'standard' format.
[    0.000000] e820: BIOS-provided physical RAM map:
[    0.000000] BIOS-e820: [mem 0x0000000000000000-0x000000000009fbff] usable
[    0.000000] BIOS-e820: [mem 0x000000000009fc00-0x000000000009ffff] reserved
[    0.000000] BIOS-e820: [mem 0x00000000000f0000-0x00000000000fffff] reserved
[    0.000000] BIOS-e820: [mem 0x0000000000100000-0x000000003ffeffff] usable
[    0.000000] BIOS-e820: [mem 0x000000003fff0000-0x000000003fffffff] ACPI data
[    0.000000] BIOS-e820: [mem 0x00000000fec00000-0x00000000fec00fff] reserved
[    0.000000] BIOS-e820: [mem 0x00000000fee00000-0x00000000fee00fff] reserved
[    0.000000] BIOS-e820: [mem 0x00000000fffc0000-0x00000000ffffffff] reserved
[    0.000000] NX (Execute Disable) protection: active
[    0.000000] SMBIOS 2.5 present.
[    0.000000] DMI: innotek GmbH VirtualBox/VirtualBox, BIOS VirtualBox 12/01/2006
[    0.000000] Hypervisor detected: KVM
[    0.000000] e820: last_pfn = 0x3fff0 max_arch_pfn = 0x400000000
[    0.000000] MTRR: Disabled
[    0.000000] x86/PAT: MTRRs disabled, skipping PAT initialization too.
[    0.000000] CPU MTRRs all blank - virtualized system.
[    0.000000] x86/PAT: Configuration [0-7]: WB  WT  UC- UC  WB  WT  UC- UC  
[    0.000000] found SMP MP-table at [mem 0x0009fff0-0x0009ffff]
[    0.000000] Scanning 1 areas for low memory corruption
[    0.000000] RAMDISK: [mem 0x359cb000-0x36cdcfff]
[    0.000000] ACPI: Early table checksum verification disabled
[    0.000000] ACPI: RSDP 0x00000000000E0000 000024 (v02 VBOX  )
[    0.000000] ACPI: XSDT 0x000000003FFF0030 00003C (v01 VBOX   VBOXXSDT 00000001 ASL  00000061)
[    0.000000] ACPI: FACP 0x000000003FFF00F0 0000F4 (v04 VBOX   VBOXFACP 00000001 ASL  00000061)
[    0.000000] ACPI: DSDT 0x000000003FFF0610 002353 (v02 VBOX   VBOXBIOS 00000002 INTL 20200528)
[    0.000000] ACPI: FACS 0x000000003FFF0200 000040
[    0.000000] ACPI: FACS 0x000000003FFF0200 000040
[    0.000000] ACPI: APIC 0x000000003FFF0240 00005C (v02 VBOX   VBOXAPIC 00000001 ASL  00000061)
[    0.000000] ACPI: SSDT 0x000000003FFF02A0 00036C (v01 VBOX   VBOXCPUT 00000002 INTL 20200528)
[    0.000000] ACPI: Reserving FACP table memory at [mem 0x3fff00f0-0x3fff01e3]
[    0.000000] ACPI: Reserving DSDT table memory at [mem 0x3fff0610-0x3fff2962]
[    0.000000] ACPI: Reserving FACS table memory at [mem 0x3fff0200-0x3fff023f]
[    0.000000] ACPI: Reserving FACS table memory at [mem 0x3fff0200-0x3fff023f]
[    0.000000] ACPI: Reserving APIC table memory at [mem 0x3fff0240-0x3fff029b]
[    0.000000] ACPI: Reserving SSDT table memory at [mem 0x3fff02a0-0x3fff060b]
[    0.000000] No NUMA configuration found
[    0.000000] Faking a node at [mem 0x0000000000000000-0x000000003ffeffff]
[    0.000000] NODE_DATA(0) allocated [mem 0x3ffc5000-0x3ffeffff]
[    0.000000] kvm-clock: cpu 0, msr 0:3ff44001, primary cpu clock
[    0.000000] kvm-clock: Using msrs 4b564d01 and 4b564d00
[    0.000000] kvm-clock: using sched offset of 3096561203 cycles
[    0.000000] clocksource: kvm-clock: mask: 0xffffffffffffffff max_cycles: 0x1cd42e4dffb, max_idle_ns: 881590591483 ns
[    0.000000] Zone ranges:
[    0.000000]   DMA      [mem 0x0000000000001000-0x0000000000ffffff]
[    0.000000]   DMA32    [mem 0x0000000001000000-0x000000003ffeffff]
[    0.000000]   Normal   empty
[    0.000000]   Device   empty
[    0.000000] Movable zone start for each node
[    0.000000] Early memory node ranges
[    0.000000]   node   0: [mem 0x0000000000001000-0x000000000009efff]
[    0.000000]   node   0: [mem 0x0000000000100000-0x000000003ffeffff]
[    0.000000] Reserved but unavailable: 104 pages
[    0.000000] Initmem setup node 0 [mem 0x0000000000001000-0x000000003ffeffff]
[    0.000000] ACPI: PM-Timer IO Port: 0x4008
[    0.000000] IOAPIC[0]: apic_id 2, version 32, address 0xfec00000, GSI 0-23
[    0.000000] ACPI: INT_SRC_OVR (bus 0 bus_irq 0 global_irq 2 dfl dfl)
[    0.000000] ACPI: INT_SRC_OVR (bus 0 bus_irq 9 global_irq 9 low level)
[    0.000000] Using ACPI (MADT) for SMP configuration information
[    0.000000] smpboot: Allowing 2 CPUs, 0 hotplug CPUs
[    0.000000] PM: Registered nosave memory: [mem 0x00000000-0x00000fff]
[    0.000000] PM: Registered nosave memory: [mem 0x0009f000-0x0009ffff]
[    0.000000] PM: Registered nosave memory: [mem 0x000a0000-0x000effff]
[    0.000000] PM: Registered nosave memory: [mem 0x000f0000-0x000fffff]
[    0.000000] e820: [mem 0x40000000-0xfebfffff] available for PCI devices
[    0.000000] Booting paravirtualized kernel on KVM
[    0.000000] clocksource: refined-jiffies: mask: 0xffffffff max_cycles: 0xffffffff, max_idle_ns: 7645519600211568 ns
[    0.000000] setup_percpu: NR_CPUS:8192 nr_cpumask_bits:2 nr_cpu_ids:2 nr_node_ids:1
[    0.000000] percpu: Embedded 50 pages/cpu s167936 r8192 d28672 u1048576
[    0.000000] PV qspinlock hash table entries: 256 (order: 0, 4096 bytes)
[    0.000000] Built 1 zonelists, mobility grouping on.  Total pages: 257913
[    0.000000] Policy zone: DMA32
[    0.000000] Kernel command line: BOOT_IMAGE=/boot/vmlinuz-4.15.0-194-generic root=LABEL=cloudimg-rootfs ro console=tty1 console=ttyS0
[    0.000000] Memory: 982652K/1048120K available (12300K kernel code, 2477K rwdata, 4320K rodata, 2472K init, 2720K bss, 65468K reserved, 0K cma-reserved)
[    0.000000] SLUB: HWalign=64, Order=0-3, MinObjects=0, CPUs=2, Nodes=1
[    0.000000] Kernel/User page tables isolation: enabled
[    0.000000] ftrace: allocating 39477 entries in 155 pages
[    0.004000] Hierarchical RCU implementation.
[    0.004000] 	RCU restricting CPUs from NR_CPUS=8192 to nr_cpu_ids=2.
[    0.004000] 	Tasks RCU enabled.
[    0.004000] RCU: Adjusting geometry for rcu_fanout_leaf=16, nr_cpu_ids=2
[    0.004000] NR_IRQS: 524544, nr_irqs: 440, preallocated irqs: 16
[    0.004000] random: crng init done
[    0.004000] Console: colour VGA+ 80x25
[    0.004000] console [tty1] enabled
[    0.004000] console [ttyS0] enabled
[    0.004000] ACPI: Core revision 20170831
[    0.004000] ACPI: 2 ACPI AML tables successfully acquired and loaded
[    0.004000] APIC: Switch to symmetric I/O mode setup
[    0.004000] x2apic enabled
[    0.004018] Switched APIC routing to physical x2apic.
[    0.012000] ..TIMER: vector=0x30 apic1=0 pin1=2 apic2=-1 pin2=-1
[    0.012002] tsc: Detected 2398.834 MHz processor
[    0.016008] Calibrating delay loop (skipped) preset value.. 4797.66 BogoMIPS (lpj=9595336)
[    0.020002] pid_max: default: 32768 minimum: 301
[    0.022544] Security Framework initialized
[    0.024002] Yama: becoming mindful.
[    0.028034] AppArmor: AppArmor initialized
[    0.031036] Dentry cache hash table entries: 131072 (order: 8, 1048576 bytes)
[    0.032395] Inode-cache hash table entries: 65536 (order: 7, 524288 bytes)
[    0.036023] Mount-cache hash table entries: 2048 (order: 2, 16384 bytes)
[    0.040019] Mountpoint-cache hash table entries: 2048 (order: 2, 16384 bytes)
[    0.045101] Last level iTLB entries: 4KB 64, 2MB 8, 4MB 8
[    0.048002] Last level dTLB entries: 4KB 64, 2MB 0, 4MB 0, 1GB 4
[    0.052016] Spectre V1 : Mitigation: usercopy/swapgs barriers and __user pointer sanitization
[    0.056002] Spectre V2 : Mitigation: Retpolines
[    0.060002] Spectre V2 : Spectre v2 / SpectreRSB mitigation: Filling RSB on context switch
[    0.064002] Speculative Store Bypass: Vulnerable
[    0.066389] MDS: Mitigation: Clear CPU buffers
[    0.068002] MMIO Stale Data: Mitigation: Clear CPU buffers
[    0.072013] SRBDS: Unknown: Dependent on hypervisor status
[    0.074835] Freeing SMP alternatives memory: 36K
[    0.188755] smpboot: CPU0: Intel(R) Core(TM) i9-9980HK CPU @ 2.40GHz (family: 0x6, model: 0x9e, stepping: 0xd)
[    0.192153] Performance Events: unsupported p6 CPU model 158 no PMU driver, software events only.
[    0.196050] Hierarchical SRCU implementation.
[    0.200497] NMI watchdog: Perf event create on CPU 0 failed with -2
[    0.204002] NMI watchdog: Perf NMI watchdog permanently disabled
[    0.206921] smp: Bringing up secondary CPUs ...
[    0.208210] x86: Booting SMP configuration:
[    0.210269] .... node  #0, CPUs:      #1
[    0.004000] kvm-clock: cpu 1, msr 0:3ff44041, secondary cpu clock
[    0.216153] smp: Brought up 1 node, 2 CPUs
[    0.220004] smpboot: Max logical packages: 1
[    0.222135] smpboot: Total of 2 processors activated (9595.33 BogoMIPS)
[    0.224159] devtmpfs: initialized
[    0.226008] x86/mm: Memory block size: 128MB
[    0.228158] evm: security.selinux
[    0.229891] evm: security.SMACK64
[    0.231616] evm: security.SMACK64EXEC
[    0.232003] evm: security.SMACK64TRANSMUTE
[    0.234081] evm: security.SMACK64MMAP
[    0.236002] evm: security.apparmor
[    0.237769] evm: security.ima
[    0.239334] evm: security.capability
[    0.240242] clocksource: jiffies: mask: 0xffffffff max_cycles: 0xffffffff, max_idle_ns: 7645041785100000 ns
[    0.244054] futex hash table entries: 512 (order: 3, 32768 bytes)
[    0.247063] pinctrl core: initialized pinctrl subsystem
[    0.248278] RTC time: 19:07:56, date: 10/28/22
[    0.252259] NET: Registered protocol family 16
[    0.256062] audit: initializing netlink subsys (disabled)
[    0.260068] audit: type=2000 audit(1666984080.653:1): state=initialized audit_enabled=0 res=1
[    0.264000] cpuidle: using governor ladder
[    0.264006] cpuidle: using governor menu
[    0.266036] ACPI: bus type PCI registered
[    0.268003] acpiphp: ACPI Hot Plug PCI Controller Driver version: 0.5
[    0.272262] PCI: Using configuration type 1 for base access
[    0.280089] HugeTLB registered 2.00 MiB page size, pre-allocated 0 pages
[    0.284119] ACPI: Added _OSI(Module Device)
[    0.286188] ACPI: Added _OSI(Processor Device)
[    0.288025] ACPI: Added _OSI(3.0 _SCP Extensions)
[    0.292006] ACPI: Added _OSI(Processor Aggregator Device)
[    0.294660] ACPI: Added _OSI(Linux-Dell-Video)
[    0.296003] ACPI: Added _OSI(Linux-Lenovo-NV-HDMI-Audio)
[    0.300002] ACPI: Added _OSI(Linux-HPI-Hybrid-Graphics)
[    0.304511] ACPI: Executed 1 blocks of module-level executable AML code
[    0.312950] ACPI: Interpreter enabled
[    0.314930] ACPI: (supports S0 S5)
[    0.316002] ACPI: Using IOAPIC for interrupt routing
[    0.319386] PCI: Using host bridge windows from ACPI; if necessary, use "pci=nocrs" and report a bug
[    0.320186] ACPI: Enabled 2 GPEs in block 00 to 07
[    0.331118] ACPI: PCI Root Bridge [PCI0] (domain 0000 [bus 00-ff])
[    0.332006] acpi PNP0A03:00: _OSC: OS supports [ASPM ClockPM Segments MSI]
[    0.335830] acpi PNP0A03:00: _OSC: not requesting OS control; OS requires [ExtendedConfig ASPM ClockPM MSI]
[    0.336009] acpi PNP0A03:00: fail to add MMCONFIG information, can't access extended PCI configuration space under this bridge.
[    0.340545] PCI host bridge to bus 0000:00
[    0.344003] pci_bus 0000:00: root bus resource [io  0x0000-0x0cf7 window]
[    0.348003] pci_bus 0000:00: root bus resource [io  0x0d00-0xffff window]
[    0.352003] pci_bus 0000:00: root bus resource [mem 0x000a0000-0x000bffff window]
[    0.356003] pci_bus 0000:00: root bus resource [mem 0x40000000-0xfdffffff window]
[    0.364007] pci_bus 0000:00: root bus resource [bus 00-ff]
[    0.373763] pci 0000:00:01.1: legacy IDE quirk: reg 0x10: [io  0x01f0-0x01f7]
[    0.376003] pci 0000:00:01.1: legacy IDE quirk: reg 0x14: [io  0x03f6]
[    0.379184] pci 0000:00:01.1: legacy IDE quirk: reg 0x18: [io  0x0170-0x0177]
[    0.380003] pci 0000:00:01.1: legacy IDE quirk: reg 0x1c: [io  0x0376]
[    0.413541] pci 0000:00:07.0: quirk: [io  0x4000-0x403f] claimed by PIIX4 ACPI
[    0.416000] pci 0000:00:07.0: quirk: [io  0x4100-0x410f] claimed by PIIX4 SMB
[    0.425731] ACPI: PCI Interrupt Link [LNKA] (IRQs 5 9 10 *11)
[    0.428450] ACPI: PCI Interrupt Link [LNKB] (IRQs 5 9 *10 11)
[    0.432169] ACPI: PCI Interrupt Link [LNKC] (IRQs 5 *9 10 11)
[    0.436169] ACPI: PCI Interrupt Link [LNKD] (IRQs 5 9 10 *11)
[    0.440343] SCSI subsystem initialized
[    0.444149] pci 0000:00:02.0: vgaarb: setting as boot VGA device
[    0.447124] pci 0000:00:02.0: vgaarb: VGA device added: decodes=io+mem,owns=io+mem,locks=none
[    0.448004] pci 0000:00:02.0: vgaarb: bridge control possible
[    0.452002] vgaarb: loaded
[    0.456030] ACPI: bus type USB registered
[    0.458070] usbcore: registered new interface driver usbfs
[    0.460000] usbcore: registered new interface driver hub
[    0.460014] usbcore: registered new device driver usb
[    0.464088] EDAC MC: Ver: 3.0.0
[    0.466628] PCI: Using ACPI for IRQ routing
[    0.468487] NetLabel: Initializing
[    0.470255] NetLabel:  domain hash size = 128
[    0.472002] NetLabel:  protocols = UNLABELED CIPSOv4 CALIPSO
[    0.474770] NetLabel:  unlabeled traffic allowed by default
[    0.476191] clocksource: Switched to clocksource kvm-clock
[    0.492086] VFS: Disk quotas dquot_6.6.0
[    0.494924] VFS: Dquot-cache hash table entries: 512 (order 0, 4096 bytes)
[    0.498379] AppArmor: AppArmor Filesystem Enabled
[    0.500965] pnp: PnP ACPI init
[    0.504178] pnp: PnP ACPI: found 3 devices
[    0.521142] clocksource: acpi_pm: mask: 0xffffff max_cycles: 0xffffff, max_idle_ns: 2085701024 ns
[    0.525372] NET: Registered protocol family 2
[    0.527623] IP idents hash table entries: 16384 (order: 5, 131072 bytes)
[    0.531289] TCP established hash table entries: 8192 (order: 4, 65536 bytes)
[    0.534811] TCP bind hash table entries: 8192 (order: 5, 131072 bytes)
[    0.538103] TCP: Hash tables configured (established 8192 bind 8192)
[    0.541258] UDP hash table entries: 512 (order: 2, 16384 bytes)
[    0.544118] UDP-Lite hash table entries: 512 (order: 2, 16384 bytes)
[    0.547782] NET: Registered protocol family 1
[    0.550064] pci 0000:00:00.0: Limiting direct PCI/PCI transfers
[    0.553123] pci 0000:00:01.0: Activating ISA DMA hang workarounds
[    0.556276] pci 0000:00:02.0: Video device with shadowed ROM at [mem 0x000c0000-0x000dffff]
[    0.560608] Unpacking initramfs...
[    0.846991] Freeing initrd memory: 19528K
[    0.849622] clocksource: tsc: mask: 0xffffffffffffffff max_cycles: 0x2293e9e2a15, max_idle_ns: 440795272303 ns
[    0.854572] platform rtc_cmos: registered platform RTC device (no PNP device found)
[    0.858527] Scanning for low memory corruption every 60 seconds
[    0.862715] Initialise system trusted keyrings
[    0.864996] Key type blacklist registered
[    0.867284] workingset: timestamp_bits=36 max_order=18 bucket_order=0
[    0.871630] zbud: loaded
[    0.873812] squashfs: version 4.0 (2009/01/31) Phillip Lougher
[    0.877435] fuse init (API version 7.26)
[    0.887528] Key type asymmetric registered
[    0.889684] Asymmetric key parser 'x509' registered
[    0.892203] Block layer SCSI generic (bsg) driver version 0.4 loaded (major 246)
[    0.895970] io scheduler noop registered
[    0.898040] io scheduler deadline registered
[    0.900263] io scheduler cfq registered (default)
[    0.903169] ACPI: AC Adapter [AC] (on-line)
[    0.905430] input: Power Button as /devices/LNXSYSTM:00/LNXPWRBN:00/input/input0
[    0.909201] ACPI: Power Button [PWRF]
[    0.911187] input: Sleep Button as /devices/LNXSYSTM:00/LNXSLPBN:00/input/input1
[    0.914882] ACPI: Sleep Button [SLPF]
[    0.919806] ACPI: Battery Slot [BAT0] (battery present)
[    0.922750] Serial: 8250/16550 driver, 32 ports, IRQ sharing enabled
[    0.951685] 00:02: ttyS0 at I/O 0x3f8 (irq = 4, base_baud = 115200) is a 16550A
[    0.963068] Linux agpgart interface v0.103
[    0.968466] loop: module loaded
[    0.971649] scsi host0: ata_piix
[    0.973988] scsi host1: ata_piix
[    0.975883] ata1: PATA max UDMA/33 cmd 0x1f0 ctl 0x3f6 bmdma 0xd000 irq 14
[    0.979631] ata2: PATA max UDMA/33 cmd 0x170 ctl 0x376 bmdma 0xd008 irq 15
[    0.983457] tun: Universal TUN/TAP device driver, 1.6
[    0.986850] PPP generic driver version 2.4.2
[    0.990108] ehci_hcd: USB 2.0 'Enhanced' Host Controller (EHCI) Driver
[    0.993797] ehci-pci: EHCI PCI platform driver
[    0.996436] ehci-platform: EHCI generic platform driver
[    0.999457] ohci_hcd: USB 1.1 'Open' Host Controller (OHCI) Driver
[    1.002977] ohci-pci: OHCI PCI platform driver
[    1.005581] ohci-platform: OHCI generic platform driver
[    1.008581] uhci_hcd: USB Universal Host Controller Interface driver
[    1.011983] i8042: PNP: PS/2 Controller [PNP0303:PS2K,PNP0f03:PS2M] at 0x60,0x64 irq 1,12
[    1.017864] serio: i8042 KBD port at 0x60,0x64 irq 1
[    1.020712] serio: i8042 AUX port at 0x60,0x64 irq 12
[    1.024217] mousedev: PS/2 mouse device common for all mice
[    1.029583] input: AT Translated Set 2 keyboard as /devices/platform/i8042/serio0/input/input2
[    1.033949] rtc_cmos rtc_cmos: rtc core: registered rtc_cmos as rtc0
[    1.038054] rtc_cmos rtc_cmos: alarms up to one day, 114 bytes nvram
[    1.041191] i2c /dev entries driver
[    1.043035] device-mapper: uevent: version 1.0.3
[    1.045817] device-mapper: ioctl: 4.37.0-ioctl (2017-09-20) initialised: dm-devel@redhat.com
[    1.050338] ledtrig-cpu: registered to indicate activity on CPUs
[    1.054373] NET: Registered protocol family 10
[    1.061286] Segment Routing with IPv6
[    1.063150] NET: Registered protocol family 17
[    1.065611] Key type dns_resolver registered
[    1.068261] mce: Using 0 MCE banks
[    1.070021] RAS: Correctable Errors collector initialized.
[    1.072796] sched_clock: Marking stable (1072740957, 0)->(1462430179, -389689222)
[    1.078209] registered taskstats version 1
[    1.080262] Loading compiled-in X.509 certificates
[    1.085404] Loaded X.509 cert 'Build time autogenerated kernel key: 6303a3b02fa1c7713b8a75ba7ba622fabd5dd271'
[    1.090700] Loaded X.509 cert 'Canonical Ltd. Live Patch Signing: 14df34d1a87cf37625abec039ef2bf521249b969'
[    1.096061] Loaded X.509 cert 'Canonical Ltd. Kernel Module Signing: 88f752e560a1e0737e31163a466ad7b70a850c19'
[    1.100910] blacklist: Loading compiled-in revocation X.509 certificates
[    1.104271] Loaded X.509 cert 'Canonical Ltd. Secure Boot Signing: 61482aa2830d0ab2ad5af10b7250da9033ddcef0'
[    1.109025] zswap: loaded using pool lzo/zbud
[    1.116301] Key type big_key registered
[    1.118246] Key type trusted registered
[    1.122347] Key type encrypted registered
[    1.124422] AppArmor: AppArmor sha1 policy hashing enabled
[    1.127080] ima: No TPM chip found, activating TPM-bypass! (rc=-19)
[    1.131187] ima: Allocated hash algorithm: sha1
[    1.133966] evm: HMAC attrs: 0x1
[    1.136325]   Magic number: 10:211:143
[    1.138724] rtc_cmos rtc_cmos: setting system clock to 2022-10-28 19:07:57 UTC (1666984077)
[    1.166333] BIOS EDD facility v0.16 2004-Jun-25, 0 devices found
[    1.169819] EDD information not available.
[    1.193733] Freeing unused kernel image memory: 2472K
[    1.204360] Write protecting the kernel read-only data: 20480k
[    1.208360] Freeing unused kernel image memory: 2008K
[    1.211610] Freeing unused kernel image memory: 1824K
[    1.222308] x86/mm: Checked W+X mappings: passed, no W+X pages found.
[    1.226216] x86/mm: Checking user space page tables
[    1.236219] x86/mm: Checked W+X mappings: passed, no W+X pages found.
Loading, please wait...
starting version 237
[    1.306404] Fusion MPT base driver 3.04.20
[    1.308531] Copyright (c) 1999-2008 LSI Corporation
[    1.314027] Fusion MPT SPI Host driver 3.04.20
[    1.316630] e1000: Intel(R) PRO/1000 Network Driver - version 7.3.21-k8-NAPI
[    1.320516] e1000: Copyright (c) 1999-2006 Intel Corporation.
[    1.323933] mptbase: ioc0: Initiating bringup
[    1.344660] AVX2 version of gcm_enc/dec engaged.
[    1.347263] AES CTR mode by8 optimization enabled
[    1.441914] ioc0: LSI53C1030 A0: Capabilities={Initiator}
[    1.546149] input: ImExPS/2 Generic Explorer Mouse as /devices/platform/i8042/serio1/input/input4
[    1.706562] scsi host2: ioc0: LSI53C1030 A0, FwRev=00000000h, Ports=1, MaxQ=256, IRQ=20
[    1.884611] scsi 2:0:0:0: Direct-Access     VBOX     HARDDISK         1.0  PQ: 0 ANSI: 5
[    1.924093] scsi target2:0:0: Beginning Domain Validation
[    1.991557] scsi target2:0:0: Domain Validation skipping write tests
[    1.995030] scsi target2:0:0: Ending Domain Validation
[    1.998008] scsi target2:0:0: asynchronous
[    2.001113] scsi 2:0:1:0: Direct-Access     VBOX     HARDDISK         1.0  PQ: 0 ANSI: 5
[    2.308402] scsi target2:0:1: Beginning Domain Validation
[    2.314231] scsi target2:0:1: Domain Validation skipping write tests
[    2.317821] scsi target2:0:1: Ending Domain Validation
[    2.320931] scsi target2:0:1: asynchronous
[    2.328682] sd 2:0:0:0: Attached scsi generic sg0 type 0
[    2.331963] sd 2:0:0:0: [sda] 83886080 512-byte logical blocks: (42.9 GB/40.0 GiB)
[    2.337027] sd 2:0:1:0: Attached scsi generic sg1 type 0
[    2.337062] sd 2:0:0:0: [sda] Write Protect is off
[    2.350736] sd 2:0:1:0: [sdb] 20480 512-byte logical blocks: (10.5 MB/10.0 MiB)
[    2.355757] sd 2:0:1:0: [sdb] Write Protect is off
[    2.358585] sd 2:0:1:0: [sdb] Incomplete mode parameter data
[    2.361749] sd 2:0:1:0: [sdb] Assuming drive cache: write through
[    2.365112] sd 2:0:0:0: [sda] Incomplete mode parameter data
[    2.366457] e1000 0000:00:03.0 eth0: (PCI:33MHz:32-bit) 02:cf:fd:ba:38:06
[    2.368083] sd 2:0:0:0: [sda] Assuming drive cache: write through
[    2.372107] e1000 0000:00:03.0 eth0: Intel(R) PRO/1000 Network Connection
[    2.383012]  sda: sda1
[    2.386296] sd 2:0:1:0: [sdb] Attached SCSI disk
[    2.389289] sd 2:0:0:0: [sda] Attached SCSI disk
[    2.393216] e1000 0000:00:03.0 enp0s3: renamed from eth0
Begin: Loading essential drivers ... [    4.420411] raid6: sse2x1   gen() 12640 MB/s
[    4.469058] raid6: sse2x1   xor()  7529 MB/s
[    4.516523] raid6: sse2x2   gen() 15648 MB/s
[    4.564416] raid6: sse2x2   xor()  9919 MB/s
[    4.612344] raid6: sse2x4   gen() 16680 MB/s
[    4.660237] raid6: sse2x4   xor()  9731 MB/s
[    4.708064] raid6: avx2x1   gen() 25430 MB/s
[    4.756534] raid6: avx2x1   xor() 14525 MB/s
[    4.804062] raid6: avx2x2   gen() 29631 MB/s
[    4.852276] raid6: avx2x2   xor() 19231 MB/s
[    4.900719] raid6: avx2x4   gen() 32626 MB/s
[    4.948375] raid6: avx2x4   xor() 20469 MB/s
[    4.951458] raid6: using algorithm avx2x4 gen() 32626 MB/s
[    4.954205] raid6: .... xor() 20469 MB/s, rmw enabled
[    4.956884] raid6: using avx2x2 recovery algorithm
[    4.960299] xor: automatically using best checksumming function   avx       
[    4.965398] async_tx: api initialized (async)
done.
Begin: Running /scripts/init-premount ... done.
Begin: Mounting root file system ... Begin: Running /scripts/local-top ... done.
Begin: Running /scripts/local-premount ... [    5.011547] Btrfs loaded, crc32c=crc32c-intel
Scanning for Btrfs filesystems
done.
Warning: fsck not present, so skipping root file system
[    5.040670] EXT4-fs (sda1): mounted filesystem with ordered data mode. Opts: (null)
done.
Begin: Running /scripts/local-bottom ... done.
Begin: Running /scripts/init-bottom ... done.
[    5.186511] ip_tables: (C) 2000-2006 Netfilter Core Team
[    5.198042] systemd[1]: systemd 237 running in system mode. (+PAM +AUDIT +SELINUX +IMA +APPARMOR +SMACK +SYSVINIT +UTMP +LIBCRYPTSETUP +GCRYPT +GNUTLS +ACL +XZ +LZ4 +SECCOMP +BLKID +ELFUTILS +KMOD -IDN2 +IDN -PCRE2 default-hierarchy=hybrid)
[    5.208588] systemd[1]: Detected virtualization oracle.
[    5.211852] systemd[1]: Detected architecture x86-64.

Welcome to [1mUbuntu 18.04.6 LTS[0m!

[    5.227814] systemd[1]: Set hostname to <ubuntu>.
[    5.234826] systemd[1]: Initializing machine ID from random generator.
[    5.238058] systemd[1]: Installed transient /etc/machine-id file.
[    5.453347] systemd[1]: Created slice User and Session Slice.
[[0;32m  OK  [0m] Created slice User and Session Slice.
[    5.458013] systemd[1]: Reached target Swap.
[[0;32m  OK  [0m] Reached target Swap.
[    5.461245] systemd[1]: Started Forward Password Requests to Wall Directory Watch.
[[0;32m  OK  [0m] Started Forward Password Requests to Wall Directory Watch.
[    5.467105] systemd[1]: Created slice System Slice.
[[0;32m  OK  [0m] Created slice System Slice.
[[0;32m  OK  [0m] Listening on Journal Socket.
[[0;32m  OK  [0m] Listening on Syslog Socket.
[[0;32m  OK  [0m] Listening on Journal Socket (/dev/log).
         Starting Create list of required st…ce nodes for the current kernel...
         Starting Uncomplicated firewall...
[[0;32m  OK  [0m] Reached target Slices.
[[0;32m  OK  [0m] Listening on fsck to fsckd communication Socket.
[[0;32m  OK  [0m] Listening on Journal Audit Socket.
         Starting Set the console keyboard layout...
         Starting Load Kernel Modules...
[[0;32m  OK  [0m] Listening on Network Service Netlink Socket.
[[0;32m  OK  [0m] Listening on Device-mapper event daemon FIFOs.
         Mounting POSIX Message Queue File System...
[[0;32m  OK  [0m] Listening on LVM2 poll daemon socket.
[[0;32m  OK  [0m] Listening on /dev/initctl Compatibility Named Pipe.
[[0;32m  OK  [0m] Listening on LVM2 metadata daemon socket.
         Starting Monitoring of LVM2 mirrors…ng dmeventd or progress polling...
         Starting Journal Service...
[[0;32m  OK  [0m] Created slice system-serial\x2dgetty.slice.
[[0;32m  OK  [0m] Listening on udev Control Socket.
         Mounting Huge Pages File System...
[[0;32m  OK  [0m] Reached target System Time Synchronized.
[    5.527280] Loading iSCSI transport class v2.0-870.
         Starting File System Check on Root Device...
         Mounting Kernel Debug File System...
[[0;32m  OK  [0m] Set up automount Arbitrary Executab…rmats File System Automount Point.
[[0;32m  OK  [0m] Listening on udev Kernel Socket.
         Starting udev Coldplug all Devices...
[[0;32m  OK  [0m] Reached target User and Group Name Lookups.
[[0;32m  OK  [0m] Started Journal Service.
[[0;32m  OK  [0m] Started Create list of required sta…vice nodes for the current kernel.
[[0;32m  OK  [0m] Started Uncomplicated firewall.
[[0;32m  OK  [0m] Mounted POSIX Message Queue File System.
[[0;32m  OK  [0m] Mounted Huge Pages File System.
[[0;32m  OK  [0m] Mounted Kernel Debug File System.
[[0;32m  OK  [0m] Started LVM2 metadata daemon.
[[0;32m  OK  [0m] Started File System Check Daemon to report status.
[    5.612731] iscsi: registered transport (tcp)
         Starting Create Static Device Nodes in /dev...
[[0;32m  OK  [0m] Started udev Coldplug all Devices.
[[0;32m  OK  [0m] Started Create Static Device Nodes in /dev.
[[0;32m  OK  [0m] Started File System Check on Root Device.
         Starting Remount Root and Kernel File Systems...
[[0;32m  OK  [0m] Started Monitoring of LVM2 mirrors,…sing dmeventd or progress polling.
[    5.721796] iscsi: registered transport (iser)
[[0;32m  OK  [0m] Started Load Kernel Modules.
[    5.727780] EXT4-fs (sda1): re-mounted. Opts: (null)
         Mounting FUSE Control File System...
         Starting Apply Kernel Variables...
         Mounting Kernel Configuration File System...
[[0;32m  OK  [0m] Mounted FUSE Control File System.
[[0;32m  OK  [0m] Mounted Kernel Configuration File System.
[[0;32m  OK  [0m] Started Remount Root and Kernel File Systems.
         Starting Flush Journal to Persistent Storage...
         Starting udev Kernel Device Manager...
         Starting Load/Save Random Seed...
[[0;32m  OK  [0m] Started Load/Save Random Seed.
[[0;32m  OK  [0m] Started udev Kernel Device Manager.
[[0;32m  OK  [0m] Started Apply Kernel Variables.
[[0;32m  OK  [0m] Started Flush Journal to Persistent Storage.
[[0;32m  OK  [0m] Found device /dev/ttyS0.
[[0;32m  OK  [0m] Listening on Load/Save RF Kill Switch Status /dev/rfkill Watch.
         Mounting Arbitrary Executable File Formats File System...
[[0;32m  OK  [0m] Mounted Arbitrary Executable File Formats File System.
[[0;32m  OK  [0m] Started Set the console keyboard layout.
[[0;32m  OK  [0m] Reached target Local File Systems (Pre).
[[0;32m  OK  [0m] Reached target Local File Systems.
         Starting ebtables ruleset management...
         Starting Set console font and keymap...
         Starting Commit a transient machine-id on disk...
         Starting Create Volatile Files and Directories...
         Starting Tell Plymouth To Write Out Runtime Data...
         Starting AppArmor initialization...
[[0;32m  OK  [0m] Started Dispatch Password Requests to Console Directory Watch.
[[0;32m  OK  [0m] Reached target Local Encrypted Volumes.
[[0;32m  OK  [0m] Started Set console font and keymap.
[[0;32m  OK  [0m] Started Tell Plymouth To Write Out Runtime Data.
[[0;32m  OK  [0m] Started Create Volatile Files and Directories.
         Starting Update UTMP about System Boot/Shutdown...
[[0;32m  OK  [0m] Started Update UTMP about System Boot/Shutdown.
[[0;32m  OK  [0m] Started Commit a transient machine-id on disk.
[[0;32m  OK  [0m] Started ebtables ruleset management.
[[0;32m  OK  [0m] Started AppArmor initialization.
         Starting Load AppArmor profiles managed internally by snapd...
         Starting Initial cloud-init job (pre-networking)...
[[0;32m  OK  [0m] Started Load AppArmor profiles managed internally by snapd.
[    7.947577] cloud-init[705]: Cloud-init v. 22.3.4-0ubuntu1~18.04.1 running 'init-local' at Fri, 28 Oct 2022 19:08:04 +0000. Up 7.68 seconds.
[[0;32m  OK  [0m] Started Initial cloud-init job (pre-networking).
[[0;32m  OK  [0m] Reached target Network (Pre).
         Starting Network Service...
[[0;32m  OK  [0m] Started Network Service.
         Starting Wait for Network to be Configured...
         Starting Network Name Resolution...
[[0;32m  OK  [0m] Started Network Name Resolution.
[[0;32m  OK  [0m] Reached target Host and Network Name Lookups.
[[0;32m  OK  [0m] Reached target Network.
[[0;32m  OK  [0m] Started Wait for Network to be Configured.
         Starting Initial cloud-init job (metadata service crawler)...
[   10.165036] cloud-init[829]: Cloud-init v. 22.3.4-0ubuntu1~18.04.1 running 'init' at Fri, 28 Oct 2022 19:08:06 +0000. Up 10.05 seconds.
[   10.169281] cloud-init[829]: ci-info: ++++++++++++++++++++++++++++++++++++++Net device info++++++++++++++++++++++++++++++++++++++
[   10.174015] cloud-init[829]: ci-info: +--------+------+----------------------------+---------------+--------+-------------------+
[   10.178629] cloud-init[829]: ci-info: | Device |  Up  |          Address           |      Mask     | Scope  |     Hw-Address    |
[   10.182848] cloud-init[829]: ci-info: +--------+------+----------------------------+---------------+--------+-------------------+
[   10.186703] cloud-init[829]: ci-info: | enp0s3 | True |         10.0.2.15          | 255.255.255.0 | global | 02:cf:fd:ba:38:06 |
[   10.191596] cloud-init[829]: ci-info: | enp0s3 | True | fe80::cf:fdff:feba:3806/64 |       .       |  link  | 02:cf:fd:ba:38:06 |
[   10.195870] cloud-init[829]: ci-info: |   lo   | True |         127.0.0.1          |   255.0.0.0   |  host  |         .         |
[   10.199679] cloud-init[829]: ci-info: |   lo   | True |          ::1/128           |       .       |  host  |         .         |
[   10.204029] cloud-init[829]: ci-info: +--------+------+----------------------------+---------------+--------+-------------------+
[   10.208017] cloud-init[829]: ci-info: ++++++++++++++++++++++++++++Route IPv4 info+++++++++++++++++++++++++++++
[   10.212104] cloud-init[829]: ci-info: +-------+-------------+----------+-----------------+-----------+-------+
[   10.215730] cloud-init[829]: ci-info: | Route | Destination | Gateway  |     Genmask     | Interface | Flags |
[   10.220418] cloud-init[829]: ci-info: +-------+-------------+----------+-----------------+-----------+-------+
[   10.223778] cloud-init[829]: ci-info: |   0   |   0.0.0.0   | 10.0.2.2 |     0.0.0.0     |   enp0s3  |   UG  |
[   10.227216] cloud-init[829]: ci-info: |   1   |   10.0.2.0  | 0.0.0.0  |  255.255.255.0  |   enp0s3  |   U   |
[   10.232384] cloud-init[829]: ci-info: |   2   |   10.0.2.2  | 0.0.0.0  | 255.255.255.255 |   enp0s3  |   UH  |
[   10.235805] cloud-init[829]: ci-info: +-------+-------------+----------+-----------------+-----------+-------+
[   10.240397] cloud-init[829]: ci-info: +++++++++++++++++++Route IPv6 info+++++++++++++++++++
[   10.244441] cloud-init[829]: ci-info: +-------+-------------+---------+-----------+-------+
[   10.247691] cloud-init[829]: ci-info: | Route | Destination | Gateway | Interface | Flags |
[   10.251223] cloud-init[829]: ci-info: +-------+-------------+---------+-----------+-------+
[   10.254502] cloud-init[829]: ci-info: |   1   |  fe80::/64  |    ::   |   enp0s3  |   U   |
[   10.257724] cloud-init[829]: ci-info: |   3   |    local    |    ::   |   enp0s3  |   U   |
[   10.261850] cloud-init[829]: ci-info: |   4   |   ff00::/8  |    ::   |   enp0s3  |   U   |
[   10.266069] cloud-init[829]: ci-info: +-------+-------------+---------+-----------+-------+
[   10.867415] cloud-init[829]: Generating public/private rsa key pair.
[   10.869128] cloud-init[829]: Your identification has been saved in /etc/ssh/ssh_host_rsa_key.
[   10.871160] cloud-init[829]: Your public key has been saved in /etc/ssh/ssh_host_rsa_key.pub.
[   10.873065] cloud-init[829]: The key fingerprint is:
[   10.874812] cloud-init[829]: SHA256:wsChP/IwSnBZJ663V0/QP64847usjOTu5jq0HbN0lww root@ubuntu-bionic
[   10.876922] cloud-init[829]: The key's randomart image is:
[   10.878323] cloud-init[829]: +---[RSA 2048]----+
[   10.879572] cloud-init[829]: |    + .          |
[   10.881027] cloud-init[829]: |   * +   .       |
[   10.882206] cloud-init[829]: |. + +   . .      |
[   10.883365] cloud-init[829]: |.. o o  E. .     |
[   10.884588] cloud-init[829]: | .= + o So..o    |
[   10.885862] cloud-init[829]: |.. *.o+o.o+. .   |
[   10.887427] cloud-init[829]: |.  .o+o= .. .    |
[   10.888856] cloud-init[829]: |    o++o oo.     |
[   10.890210] cloud-init[829]: |    .B* ooB=     |
[   10.891572] cloud-init[829]: +----[SHA256]-----+
[   10.892953] cloud-init[829]: Generating public/private dsa key pair.
[   10.894441] cloud-init[829]: Your identification has been saved in /etc/ssh/ssh_host_dsa_key.
[   10.896606] cloud-init[829]: Your public key has been saved in /etc/ssh/ssh_host_dsa_key.pub.
[   10.898740] cloud-init[829]: The key fingerprint is:
[   10.899958] cloud-init[829]: SHA256:jT2EIY+XLOuB4zOBVqbYlCqiyVEAs/8jCEin3hxGgWE root@ubuntu-bionic
[   10.902084] cloud-init[829]: The key's randomart image is:
[   10.903624] cloud-init[829]: +---[DSA 1024]----+
[   10.904940] cloud-init[829]: |+Eo.  . .        |
[   10.906112] cloud-init[829]: |.+...  = +       |
[   10.907224] cloud-init[829]: |..o+o o * .      |
[   10.908472] cloud-init[829]: |o*== . + =       |
[   10.909585] cloud-init[829]: |Bo*o+ o S +      |
[   10.910756] cloud-init[829]: |B+=o.+ .   .     |
[   10.912074] cloud-init[829]: |+o.o* .          |
[   10.913222] cloud-init[829]: |   . +           |
[   10.914576] cloud-init[829]: |                 |
[   10.915944] cloud-init[829]: +----[SHA256]-----+
[   10.917332] cloud-init[829]: Generating public/private ecdsa key pair.
[   10.918936] cloud-init[829]: Your identification has been saved in /etc/ssh/ssh_host_ecdsa_key.
[   10.921124] cloud-init[829]: Your public key has been saved in /etc/ssh/ssh_host_ecdsa_key.pub.
[   10.923513] cloud-init[829]: The key fingerprint is:
[   10.924978] cloud-init[829]: SHA256:mKwbvZJcvPZzAoMBxDFnrytebqDLqrJZ4bOq9UJ/PFk root@ubuntu-bionic
[   10.927137] cloud-init[829]: The key's randomart image is:
[   10.928465] cloud-init[829]: +---[ECDSA 256]---+
[   10.929591] cloud-init[829]: | o+.o            |
[   10.930685] cloud-init[829]: |  o+ .           |
[   10.931835] cloud-init[829]: |   .  .          |
[   10.933086] cloud-init[829]: |    .o o         |
[   10.934187] cloud-init[829]: |  . .++ S        |
[   10.935338] cloud-init[829]: | .o..+= E        |
[   10.936682] cloud-init[829]: | o*+=+.*         |
[   10.937900] cloud-init[829]: |+=.B*oB.o .      |
[   10.938996] cloud-init[829]: |&=oo++.o.+       |
[   10.940166] cloud-init[829]: +----[SHA256]-----+
[   10.941866] cloud-init[829]: Generating public/private ed25519 key pair.
[   10.943332] cloud-init[829]: Your identification has been saved in /etc/ssh/ssh_host_ed25519_key.
[   10.945648] cloud-init[829]: Your public key has been saved in /etc/ssh/ssh_host_ed25519_key.pub.
[   10.947795] cloud-init[829]: The key fingerprint is:
[   10.949127] cloud-init[829]: SHA256:OTxrfCOS065iER3XBJm+VMgB4PbE/TQtpOc7NC5hNtM root@ubuntu-bionic
[   10.951313] cloud-init[829]: The key's randomart image is:
[   10.952671] cloud-init[829]: +--[ED25519 256]--+
[   10.953813] cloud-init[829]: |    ...ooOo      |
[   10.955012] cloud-init[829]: |   . ...*oo.     |
[   10.956239] cloud-init[829]: |    o.o+o.= .    |
[   10.957327] cloud-init[829]: |   ..o..oB o     |
[   10.958403] cloud-init[829]: |     ...S.E      |
[   10.959682] cloud-init[829]: |    .  *.X o     |
[   10.960879] cloud-init[829]: |     .+ B *      |
[   10.961965] cloud-init[829]: |    o  = + o     |
[   10.963073] cloud-init[829]: |   . ....        |
[   10.964234] cloud-init[829]: +----[SHA256]-----+
[[0;32m  OK  [0m] Started Initial cloud-init job (metadata service crawler).
[[0;32m  OK  [0m] Reached target Network is Online.
         Starting Availability of block devices...
[[0;32m  OK  [0m] Reached target Remote File Systems (Pre).
[[0;32m  OK  [0m] Reached target Remote File Systems.
[[0;32m  OK  [0m] Reached target System Initialization.
[[0;32m  OK  [0m] Started Daily apt download activities.
[[0;32m  OK  [0m] Listening on D-Bus System Message Bus Socket.
[[0;32m  OK  [0m] Started Daily apt upgrade and clean activities.
[[0;32m  OK  [0m] Listening on cloud-init hotplug hook socket.
[[0;32m  OK  [0m] Listening on ACPID Listen Socket.
[[0;32m  OK  [0m] Started Message of the Day.
         Starting LXD - unix socket.
[[0;32m  OK  [0m] Listening on Open-iSCSI iscsid Socket.
[[0;32m  OK  [0m] Started Daily Cleanup of Temporary Directories.
[[0;32m  OK  [0m] Started Ubuntu Advantage Timer for running repeated jobs.
[[0;32m  OK  [0m] Started Discard unused blocks once a week.
[[0;32m  OK  [0m] Reached target Timers.
[[0;32m  OK  [0m] Started ACPI Events Check.
[[0;32m  OK  [0m] Reached target Paths.
[[0;32m  OK  [0m] Listening on UUID daemon activation socket.
         Starting Socket activation for snappy daemon.
[[0;32m  OK  [0m] Reached target Cloud-config availability.
[[0;32m  OK  [0m] Started Availability of block devices.
[[0;32m  OK  [0m] Listening on LXD - unix socket.
[[0;32m  OK  [0m] Listening on Socket activation for snappy daemon.
[[0;32m  OK  [0m] Reached target Sockets.
[[0;32m  OK  [0m] Reached target Basic System.
         Starting Permit User Sessions...
         Starting System Logging Service...
         Starting Login Service...
         Starting Pollinate to seed the pseudo random number generator...
[[0;32m  OK  [0m] Started Regular background program processing daemon.
         Starting Virtualbox guest utils...
         Starting LSB: automatic crash report generation...
[[0;32m  OK  [0m] Reached target Login Prompts (Pre).
         Starting LSB: Record successful boot for GRUB...
[[0;32m  OK  [0m] Started Deferred execution scheduler.
         Starting Snap Daemon...
[[0;32m  OK  [0m] Started irqbalance daemon.
         Starting Dispatcher daemon for systemd-networkd...
[[0;32m  OK  [0m] Started D-Bus System Message Bus.
[[0;32m  OK  [0m] Started Login Service.
[[0;32m  OK  [0m] Started FUSE filesystem for LXC.
         Starting Accounts Service...
[[0;32m  OK  [0m] Started Unattended Upgrades Shutdown.
         Starting LXD - container startup/shutdown...
[[0;32m  OK  [0m] Started System Logging Service.
[[0;32m  OK  [0m] Started Permit User Sessions.
         Starting Hold until boot process finishes up...
         Starting Terminate Plymouth Boot Screen...
[[0;32m  OK  [0m] Started Hold until boot process finishes up.
         Starting Set console scheme...
[[0;32m  OK  [0m] Started Serial Getty on ttyS0.
[[0;32m  OK  [0m] Started Terminate Plymouth Boot Screen.
         Starting Authorization Manager...
[[0;32m  OK  [0m] Started Set console scheme.
[[0;32m  OK  [0m] Created slice system-getty.slice.
[[0;32m  OK  [0m] Started Getty on tty1.
[[0;32m  OK  [0m] Reached target Login Prompts.
[[0;32m  OK  [0m] Started LXD - container startup/shutdown.
[[0;32m  OK  [0m] Started Authorization Manager.
[[0;32m  OK  [0m] Started Accounts Service.
[[0;32m  OK  [0m] Started LSB: automatic crash report generation.
[[0;32m  OK  [0m] Started Virtualbox guest utils.
[[0;32m  OK  [0m] Started LSB: Record successful boot for GRUB.
[[0;32m  OK  [0m] Started Dispatcher daemon for systemd-networkd.
[[0;32m  OK  [0m] Started Snap Daemon.
         Starting Wait until snapd is fully seeded...
         Starting Time & Date Service...
[[0;32m  OK  [0m] Started Time & Date Service.
[[0;32m  OK  [0m] Started Wait until snapd is fully seeded.
         Starting Apply the settings specified in cloud-config...
[   14.257477] cloud-init[1362]: Cloud-init v. 22.3.4-0ubuntu1~18.04.1 running 'modules:config' at Fri, 28 Oct 2022 19:08:10 +0000. Up 13.94 seconds.
[[0;32m  OK  [0m] Started Apply the settings specified in cloud-config.

Ubuntu 18.04.6 LTS ubuntu-bionic ttyS0

ubuntu-bionic login: ci-info: no authorized SSH keys fingerprints found for user ubuntu.
<14>Oct 28 19:08:16 cloud-init: #############################################################
<14>Oct 28 19:08:16 cloud-init: -----BEGIN SSH HOST KEY FINGERPRINTS-----
<14>Oct 28 19:08:16 cloud-init: 1024 SHA256:jT2EIY+XLOuB4zOBVqbYlCqiyVEAs/8jCEin3hxGgWE root@ubuntu-bionic (DSA)
<14>Oct 28 19:08:16 cloud-init: 256 SHA256:mKwbvZJcvPZzAoMBxDFnrytebqDLqrJZ4bOq9UJ/PFk root@ubuntu-bionic (ECDSA)
<14>Oct 28 19:08:16 cloud-init: 256 SHA256:OTxrfCOS065iER3XBJm+VMgB4PbE/TQtpOc7NC5hNtM root@ubuntu-bionic (ED25519)
<14>Oct 28 19:08:16 cloud-init: 2048 SHA256:wsChP/IwSnBZJ663V0/QP64847usjOTu5jq0HbN0lww root@ubuntu-bionic (RSA)
<14>Oct 28 19:08:16 cloud-init: -----END SSH HOST KEY FINGERPRINTS-----
<14>Oct 28 19:08:16 cloud-init: #############################################################
-----BEGIN SSH HOST KEY KEYS-----
ecdsa-sha2-nistp256 AAAAE2VjZHNhLXNoYTItbmlzdHAyNTYAAAAIbmlzdHAyNTYAAABBBGT2uax5TbG1q/hwkUA1KtBjQAjGXnwR3Vsbb3ODfibKYf+a302K2E2hkwWooeMvffyEuH9tvh9bbj1BTir+XWk= root@ubuntu-bionic
ssh-ed25519 AAAAC3NzaC1lZDI1NTE5AAAAIGg1j7E3u0PIfM7NWmmGJ8PbfYD7ZNbARCt5SNZYkj1S root@ubuntu-bionic
ssh-rsa AAAAB3NzaC1yc2EAAAADAQABAAABAQCYDqD52V7T+x5XfdMZtftcj3HWXV/5AABw3kkFbd7inNqTWjJvFX1ZheSjO79TZ4RAdQA0hwlgqk/MwZPwhj8ThnzUvUdArkl6KxPBPCptRq1B8vJPrXTijYrMKdecY9hRYtyUhZa3jrP3IMWHfEMTecrYIwz/HjxpWbBfFbzmA3xLDUcgpzuuRF5omrNCF8InVcd29YpXtT4en7PVVsHBUlS1P1LSdK0mPO8RdxHaB/4Sva3yjWcsRsqQZ2kFXHDj6ttvgQsm3BFXrRca53ixc5+LfhKGkqNZ0X3499yhqUPS/h1KDkdZBiST/iKAnR5tycewIwXOf/asXk+gjWY9 root@ubuntu-bionic
-----END SSH HOST KEY KEYS-----
[   20.190468] cloud-init[1474]: Cloud-init v. 22.3.4-0ubuntu1~18.04.1 running 'modules:final' at Fri, 28 Oct 2022 19:08:16 +0000. Up 20.01 seconds.
[   20.190591] cloud-init[1474]: Cloud-init v. 22.3.4-0ubuntu1~18.04.1 finished at Fri, 28 Oct 2022 19:08:16 +0000. Datasource DataSourceNoCloud [seed=/dev/sdb][dsmode=net].  Up 20.16 seconds
